<?xml version="1.0" encoding="UTF-8"?>
<!-- Generated by org.testng.reporters.JUnitXMLReporter -->
<testsuite hostname="anilkumar06" name="addToCartTest" tests="2" failures="0" timestamp="28 Feb 2020 10:50:18 GMT" time="0.018" errors="0">
  <testcase name="@BeforeMethod testSetup" time="0.0" classname="com.amazonAutomationFramework.TestPackage.addProductToCart">
    <failure type="java.lang.NullPointerException">
      <![CDATA[java.lang.NullPointerException
	at com.amazonAutomationFramework.basePack.testbase.launchbrowser(testbase.java:67)
	at com.amazonAutomationFramework.TestPackage.addProductToCart.testSetup(addProductToCart.java:29)
... Removed 26 stack frames]]>
    </failure>
  </testcase> <!-- @BeforeMethod testSetup -->
  <testcase name="@AfterMethod afterMethodTearDown" time="0.0" classname="com.amazonAutomationFramework.TestPackage.addProductToCart">
    <skipped/>
  </testcase> <!-- @AfterMethod afterMethodTearDown -->
  <testcase name="@BeforeMethod testSetup" time="0.0" classname="com.amazonAutomationFramework.TestPackage.addProductToCart">
    <skipped/>
  </testcase> <!-- @BeforeMethod testSetup -->
  <testcase name="@AfterMethod afterMethodTearDown" time="0.0" classname="com.amazonAutomationFramework.TestPackage.addProductToCart">
    <skipped/>
  </testcase> <!-- @AfterMethod afterMethodTearDown -->
  <testcase name="productAddtoCartTest" time="0.001" classname="com.amazonAutomationFramework.TestPackage.addProductToCart">
    <skipped/>
  </testcase> <!-- productAddtoCartTest -->
  <testcase name="productAddtoCartTest" time="0.003" classname="com.amazonAutomationFramework.TestPackage.addProductToCart">
    <skipped/>
  </testcase> <!-- productAddtoCartTest -->
</testsuite> <!-- addToCartTest -->
