<?xml version="1.0" encoding="UTF-8"?>
<!-- Generated by org.testng.reporters.JUnitXMLReporter -->
<testsuite hostname="anilkumar06" name="CouponsSortTest" tests="1" failures="0" timestamp="28 Feb 2020 10:50:18 GMT" time="0.006" errors="0">
  <testcase name="@BeforeTest testSetup" time="0.0" classname="com.amazonAutomationFramework.TestPackage.couponSort">
    <failure type="java.lang.NullPointerException">
      <![CDATA[java.lang.NullPointerException
	at com.amazonAutomationFramework.basePack.testbase.launchbrowser(testbase.java:67)
	at com.amazonAutomationFramework.TestPackage.couponSort.testSetup(couponSort.java:29)
... Removed 22 stack frames]]>
    </failure>
  </testcase> <!-- @BeforeTest testSetup -->
  <testcase name="@AfterTest afterMethodTearDown" time="0.0" classname="com.amazonAutomationFramework.TestPackage.couponSort">
    <skipped/>
  </testcase> <!-- @AfterTest afterMethodTearDown -->
  <testcase name="couponSortTest" time="0.001" classname="com.amazonAutomationFramework.TestPackage.couponSort">
    <skipped/>
  </testcase> <!-- couponSortTest -->
</testsuite> <!-- CouponsSortTest -->
