<?xml version="1.0" encoding="UTF-8"?>
<!-- Generated by org.testng.reporters.JUnitXMLReporter -->
<testsuite hostname="anilkumar06" name="loginTestValidUser" tests="1" failures="0" timestamp="28 Feb 2020 10:50:17 GMT" time="0.052" errors="0">
  <testcase name="@BeforeTest beforeMethodSetup" time="0.0" classname="com.amazonAutomationFramework.TestPackage.amazonLoginValidUser">
    <failure type="java.lang.NullPointerException">
      <![CDATA[java.lang.NullPointerException
	at com.amazonAutomationFramework.basePack.testbase.launchbrowser(testbase.java:67)
	at com.amazonAutomationFramework.TestPackage.amazonLoginValidUser.beforeMethodSetup(amazonLoginValidUser.java:27)
... Removed 22 stack frames]]>
    </failure>
  </testcase> <!-- @BeforeTest beforeMethodSetup -->
  <testcase name="@AfterTest afterMethodTearDown" time="0.0" classname="com.amazonAutomationFramework.TestPackage.amazonLoginValidUser">
    <skipped/>
  </testcase> <!-- @AfterTest afterMethodTearDown -->
  <testcase name="validUserLoginLogoutTest" time="0.004" classname="com.amazonAutomationFramework.TestPackage.amazonLoginValidUser">
    <skipped/>
  </testcase> <!-- validUserLoginLogoutTest -->
</testsuite> <!-- loginTestValidUser -->
