<?xml version="1.0" encoding="UTF-8"?>
<!-- Generated by org.testng.reporters.JUnitXMLReporter -->
<testsuite hostname="anilkumar06" name="loginTestInnalidUser" tests="1" failures="0" timestamp="28 Feb 2020 10:50:18 GMT" time="0.032" errors="0">
  <testcase name="@BeforeTest beforeMethodSetup" time="0.0" classname="com.amazonAutomationFramework.TestPackage.amazonLoginInvalidUser">
    <failure type="java.lang.NullPointerException">
      <![CDATA[java.lang.NullPointerException
	at com.amazonAutomationFramework.basePack.testbase.launchbrowser(testbase.java:67)
	at com.amazonAutomationFramework.TestPackage.amazonLoginInvalidUser.beforeMethodSetup(amazonLoginInvalidUser.java:30)
... Removed 22 stack frames]]>
    </failure>
  </testcase> <!-- @BeforeTest beforeMethodSetup -->
  <testcase name="@AfterTest afterMethodTearDown" time="0.0" classname="com.amazonAutomationFramework.TestPackage.amazonLoginInvalidUser">
    <skipped/>
  </testcase> <!-- @AfterTest afterMethodTearDown -->
  <testcase name="invalidUserLoginTest" time="0.014" classname="com.amazonAutomationFramework.TestPackage.amazonLoginInvalidUser">
    <skipped/>
  </testcase> <!-- invalidUserLoginTest -->
</testsuite> <!-- loginTestInnalidUser -->
