<?xml version="1.0" encoding="UTF-8"?>
<!-- Generated by org.testng.reporters.JUnitXMLReporter -->
<testsuite hostname="anilkumar06" name="loginTestValidUser" tests="2" failures="2" timestamp="19 Apr 2020 11:42:30 GMT" time="6.201" errors="0">
  <testcase name="validUserLoginLogoutTest" time="0.025" classname="com.amazon.automation.testpackage.ValidUserLoginTest">
    <failure type="java.lang.NullPointerException">
      <![CDATA[java.lang.NullPointerException
	at java.util.Objects.requireNonNull(Objects.java:203)
	at org.openqa.selenium.support.ui.FluentWait.<init>(FluentWait.java:106)
	at org.openqa.selenium.support.ui.WebDriverWait.<init>(WebDriverWait.java:85)
	at org.openqa.selenium.support.ui.WebDriverWait.<init>(WebDriverWait.java:45)
	at com.amazon.automation.pages.LoginPage.amazonLogin(LoginPage.java:62)
	at com.amazon.automation.testpackage.ValidUserLoginTest.validUserLoginLogoutTest(ValidUserLoginTest.java:31)
... Removed 24 stack frames]]>
    </failure>
  </testcase> <!-- validUserLoginLogoutTest -->
  <testcase name="validUserLoginLogoutTest" time="6.199" classname="com.amazon.automation.testpackage.ValidUserLoginTest">
    <failure type="java.lang.NullPointerException">
      <![CDATA[java.lang.NullPointerException
	at com.amazon.automation.customlisterns.ExtentListeners.onTestFailure(ExtentListeners.java:58)
... Removed 21 stack frames]]>
    </failure>
  </testcase> <!-- validUserLoginLogoutTest -->
</testsuite> <!-- loginTestValidUser -->
