<?xml version="1.0" encoding="UTF-8"?>
<!-- Generated by org.testng.reporters.JUnitXMLReporter -->
<testsuite hostname="anilkumar06" name="Test1" tests="2" failures="1" timestamp="13 Feb 2020 16:40:28 GMT" time="0.134" errors="0">
  <testcase name="@BeforeSuite setup" time="0.0" classname="com.amazonAutomationFramework.TestPackage.searchProduct">
    <failure type="io.github.bonigarcia.wdm.WebDriverManagerException" message="org.apache.http.conn.HttpHostConnectException: Connect to npm.taobao.org:80 [npm.taobao.org/114.55.80.225, npm.taobao.org/64:ff9b:0:0:0:0:7237:50e1] failed: Connection timed out: connect">
      <![CDATA[io.github.bonigarcia.wdm.WebDriverManagerException: org.apache.http.conn.HttpHostConnectException: Connect to npm.taobao.org:80 [npm.taobao.org/114.55.80.225, npm.taobao.org/64:ff9b:0:0:0:0:7237:50e1] failed: Connection timed out: connect
	at io.github.bonigarcia.wdm.WebDriverManager.handleException(WebDriverManager.java:725)
	at io.github.bonigarcia.wdm.WebDriverManager.manage(WebDriverManager.java:548)
	at io.github.bonigarcia.wdm.WebDriverManager.handleException(WebDriverManager.java:722)
	at io.github.bonigarcia.wdm.WebDriverManager.manage(WebDriverManager.java:548)
	at io.github.bonigarcia.wdm.WebDriverManager.setup(WebDriverManager.java:260)
	at com.amazonAutomationFramework.basePack.testbase.launchbrowser(testbase.java:45)
	at com.amazonAutomationFramework.basePack.testbase.setup(testbase.java:82)
Caused by: org.apache.http.conn.HttpHostConnectException: Connect to npm.taobao.org:80 [npm.taobao.org/114.55.80.225, npm.taobao.org/64:ff9b:0:0:0:0:7237:50e1] failed: Connection timed out: connect
	at org.apache.http.impl.conn.DefaultHttpClientConnectionOperator.connect(DefaultHttpClientConnectionOperator.java:159)
	at org.apache.http.impl.conn.PoolingHttpClientConnectionManager.connect(PoolingHttpClientConnectionManager.java:373)
	at org.apache.http.impl.execchain.MainClientExec.establishRoute(MainClientExec.java:394)
	at org.apache.http.impl.execchain.MainClientExec.execute(MainClientExec.java:237)
	at org.apache.http.impl.execchain.ProtocolExec.execute(ProtocolExec.java:185)
	at org.apache.http.impl.execchain.RetryExec.execute(RetryExec.java:89)
	at org.apache.http.impl.execchain.RedirectExec.execute(RedirectExec.java:110)
	at org.apache.http.impl.client.InternalHttpClient.doExecute(InternalHttpClient.java:185)
	at org.apache.http.impl.client.CloseableHttpClient.execute(CloseableHttpClient.java:83)
	at org.apache.http.impl.client.CloseableHttpClient.execute(CloseableHttpClient.java:108)
	at io.github.bonigarcia.wdm.HttpClient.execute(HttpClient.java:159)
	at io.github.bonigarcia.wdm.WebDriverManager.getDriversFromMirror(WebDriverManager.java:993)
	at io.github.bonigarcia.wdm.ChromeDriverManager.getDrivers(ChromeDriverManager.java:83)
	at io.github.bonigarcia.wdm.WebDriverManager.filterCandidateUrls(WebDriverManager.java:741)
	at io.github.bonigarcia.wdm.WebDriverManager.manage(WebDriverManager.java:534)
	... 23 more
Caused by: java.net.ConnectException: Connection timed out: connect
	at java.net.DualStackPlainSocketImpl.connect0(Native Method)
	at java.net.DualStackPlainSocketImpl.socketConnect(DualStackPlainSocketImpl.java:79)
	at java.net.AbstractPlainSocketImpl.doConnect(AbstractPlainSocketImpl.java:350)
	at java.net.AbstractPlainSocketImpl.connectToAddress(AbstractPlainSocketImpl.java:206)
	at java.net.AbstractPlainSocketImpl.connect(AbstractPlainSocketImpl.java:188)
	at java.net.PlainSocketImpl.connect(PlainSocketImpl.java:172)
	at java.net.SocksSocketImpl.connect(SocksSocketImpl.java:392)
	at java.net.Socket.connect(Socket.java:589)
	at org.apache.http.conn.socket.PlainConnectionSocketFactory.connectSocket(PlainConnectionSocketFactory.java:75)
	at org.apache.http.impl.conn.DefaultHttpClientConnectionOperator.connect(DefaultHttpClientConnectionOperator.java:142)
	... 37 more
... Removed 18 stack frames]]>
    </failure>
  </testcase> <!-- @BeforeSuite setup -->
  <testcase name="@BeforeTest testSetup" time="0.0" classname="com.amazonAutomationFramework.TestPackage.searchProduct">
    <skipped/>
  </testcase> <!-- @BeforeTest testSetup -->
  <testcase name="productAddtoCartTest" time="0.0" classname="com.amazonAutomationFramework.TestPackage.searchProduct">
    <skipped/>
  </testcase> <!-- productAddtoCartTest -->
  <testcase name="productAddtoCartTest" time="0.028" classname="com.amazonAutomationFramework.TestPackage.searchProduct">
    <failure type="java.lang.NullPointerException">
      <![CDATA[java.lang.NullPointerException
	at com.amazonAutomationFramework.customlisterns.ExtentListeners.onTestSkipped(ExtentListeners.java:76)
... Removed 21 stack frames]]>
    </failure>
  </testcase> <!-- productAddtoCartTest -->
</testsuite> <!-- Test1 -->
