<?xml version="1.0" encoding="UTF-8"?>
<testng-results skipped="7" failed="0" total="7" passed="0">
  <reporter-output>
  </reporter-output>
  <suite name="AmazonAutomationSuite" duration-ms="835" started-at="2020-02-28T10:50:17Z" finished-at="2020-02-28T10:50:18Z">
    <groups>
      <group name="smoke">
        <method signature="amazonLoginValidUser.validUserLoginLogoutTest(java.util.Hashtable)[pri:1, instance:com.amazonAutomationFramework.TestPackage.amazonLoginValidUser@2118cddf]" name="validUserLoginLogoutTest" class="com.amazonAutomationFramework.TestPackage.amazonLoginValidUser"/>
        <method signature="amazonLoginInvalidUser.invalidUserLoginTest(java.util.Hashtable)[pri:2, instance:com.amazonAutomationFramework.TestPackage.amazonLoginInvalidUser@568ff82]" name="invalidUserLoginTest" class="com.amazonAutomationFramework.TestPackage.amazonLoginInvalidUser"/>
      </group> <!-- smoke -->
      <group name="sanity">
        <method signature="searchByCategory.categorySelectTest(java.util.Hashtable)[pri:0, instance:com.amazonAutomationFramework.TestPackage.searchByCategory@87a85e1]" name="categorySelectTest" class="com.amazonAutomationFramework.TestPackage.searchByCategory"/>
        <method signature="addProductToCart.productAddtoCartTest(java.util.Hashtable)[pri:0, instance:com.amazonAutomationFramework.TestPackage.addProductToCart@41c2284a]" name="productAddtoCartTest" class="com.amazonAutomationFramework.TestPackage.addProductToCart"/>
      </group> <!-- sanity -->
    </groups>
    <test name="loginTestValidUser" duration-ms="52" started-at="2020-02-28T10:50:17Z" finished-at="2020-02-28T10:50:17Z">
      <class name="com.amazonAutomationFramework.TestPackage.amazonLoginValidUser">
        <test-method status="FAIL" signature="beforeMethodSetup()[pri:0, instance:com.amazonAutomationFramework.TestPackage.amazonLoginValidUser@2118cddf]" name="beforeMethodSetup" is-config="true" duration-ms="0" started-at="2020-02-28T16:20:17Z" finished-at="2020-02-28T16:20:17Z">
          <exception class="java.lang.NullPointerException">
            <full-stacktrace>
              <![CDATA[java.lang.NullPointerException
	at com.amazonAutomationFramework.basePack.testbase.launchbrowser(testbase.java:67)
	at com.amazonAutomationFramework.TestPackage.amazonLoginValidUser.beforeMethodSetup(amazonLoginValidUser.java:27)
	at sun.reflect.NativeMethodAccessorImpl.invoke0(Native Method)
	at sun.reflect.NativeMethodAccessorImpl.invoke(NativeMethodAccessorImpl.java:62)
	at sun.reflect.DelegatingMethodAccessorImpl.invoke(DelegatingMethodAccessorImpl.java:43)
	at java.lang.reflect.Method.invoke(Method.java:498)
	at org.testng.internal.MethodInvocationHelper.invokeMethod(MethodInvocationHelper.java:86)
	at org.testng.internal.Invoker.invokeConfigurationMethod(Invoker.java:514)
	at org.testng.internal.Invoker.invokeConfigurations(Invoker.java:215)
	at org.testng.internal.Invoker.invokeConfigurations(Invoker.java:142)
	at org.testng.TestRunner.beforeRun(TestRunner.java:656)
	at org.testng.TestRunner.run(TestRunner.java:624)
	at org.testng.SuiteRunner.runTest(SuiteRunner.java:366)
	at org.testng.SuiteRunner.runSequentially(SuiteRunner.java:361)
	at org.testng.SuiteRunner.privateRun(SuiteRunner.java:319)
	at org.testng.SuiteRunner.run(SuiteRunner.java:268)
	at org.testng.SuiteRunnerWorker.runSuite(SuiteRunnerWorker.java:52)
	at org.testng.SuiteRunnerWorker.run(SuiteRunnerWorker.java:86)
	at org.testng.TestNG.runSuitesSequentially(TestNG.java:1244)
	at org.testng.TestNG.runSuitesLocally(TestNG.java:1169)
	at org.testng.TestNG.run(TestNG.java:1064)
	at org.testng.remote.RemoteTestNG.run(RemoteTestNG.java:113)
	at org.testng.remote.RemoteTestNG.initAndRun(RemoteTestNG.java:206)
	at org.testng.remote.RemoteTestNG.main(RemoteTestNG.java:177)
]]>
            </full-stacktrace>
          </exception> <!-- java.lang.NullPointerException -->
          <reporter-output>
          </reporter-output>
        </test-method> <!-- beforeMethodSetup -->
        <test-method status="SKIP" signature="validUserLoginLogoutTest(java.util.Hashtable)[pri:1, instance:com.amazonAutomationFramework.TestPackage.amazonLoginValidUser@2118cddf]" name="validUserLoginLogoutTest" duration-ms="4" started-at="2020-02-28T16:20:17Z" data-provider="data" finished-at="2020-02-28T16:20:17Z">
          <params>
            <param index="0">
              <value>
                <![CDATA[{UID=anilyadav106@gmail.com, PWD=Ndae10606, Runmode=Y}]]>
              </value>
            </param>
          </params>
          <reporter-output>
          </reporter-output>
        </test-method> <!-- validUserLoginLogoutTest -->
        <test-method status="SKIP" signature="afterMethodTearDown()[pri:0, instance:com.amazonAutomationFramework.TestPackage.amazonLoginValidUser@2118cddf]" name="afterMethodTearDown" is-config="true" duration-ms="0" started-at="2020-02-28T16:20:17Z" finished-at="2020-02-28T16:20:17Z">
          <reporter-output>
          </reporter-output>
        </test-method> <!-- afterMethodTearDown -->
      </class> <!-- com.amazonAutomationFramework.TestPackage.amazonLoginValidUser -->
    </test> <!-- loginTestValidUser -->
    <test name="loginTestInnalidUser" duration-ms="32" started-at="2020-02-28T10:50:18Z" finished-at="2020-02-28T10:50:18Z">
      <class name="com.amazonAutomationFramework.TestPackage.amazonLoginInvalidUser">
        <test-method status="FAIL" signature="beforeMethodSetup()[pri:0, instance:com.amazonAutomationFramework.TestPackage.amazonLoginInvalidUser@568ff82]" name="beforeMethodSetup" is-config="true" duration-ms="0" started-at="2020-02-28T16:20:18Z" finished-at="2020-02-28T16:20:18Z">
          <exception class="java.lang.NullPointerException">
            <full-stacktrace>
              <![CDATA[java.lang.NullPointerException
	at com.amazonAutomationFramework.basePack.testbase.launchbrowser(testbase.java:67)
	at com.amazonAutomationFramework.TestPackage.amazonLoginInvalidUser.beforeMethodSetup(amazonLoginInvalidUser.java:30)
	at sun.reflect.NativeMethodAccessorImpl.invoke0(Native Method)
	at sun.reflect.NativeMethodAccessorImpl.invoke(NativeMethodAccessorImpl.java:62)
	at sun.reflect.DelegatingMethodAccessorImpl.invoke(DelegatingMethodAccessorImpl.java:43)
	at java.lang.reflect.Method.invoke(Method.java:498)
	at org.testng.internal.MethodInvocationHelper.invokeMethod(MethodInvocationHelper.java:86)
	at org.testng.internal.Invoker.invokeConfigurationMethod(Invoker.java:514)
	at org.testng.internal.Invoker.invokeConfigurations(Invoker.java:215)
	at org.testng.internal.Invoker.invokeConfigurations(Invoker.java:142)
	at org.testng.TestRunner.beforeRun(TestRunner.java:656)
	at org.testng.TestRunner.run(TestRunner.java:624)
	at org.testng.SuiteRunner.runTest(SuiteRunner.java:366)
	at org.testng.SuiteRunner.runSequentially(SuiteRunner.java:361)
	at org.testng.SuiteRunner.privateRun(SuiteRunner.java:319)
	at org.testng.SuiteRunner.run(SuiteRunner.java:268)
	at org.testng.SuiteRunnerWorker.runSuite(SuiteRunnerWorker.java:52)
	at org.testng.SuiteRunnerWorker.run(SuiteRunnerWorker.java:86)
	at org.testng.TestNG.runSuitesSequentially(TestNG.java:1244)
	at org.testng.TestNG.runSuitesLocally(TestNG.java:1169)
	at org.testng.TestNG.run(TestNG.java:1064)
	at org.testng.remote.RemoteTestNG.run(RemoteTestNG.java:113)
	at org.testng.remote.RemoteTestNG.initAndRun(RemoteTestNG.java:206)
	at org.testng.remote.RemoteTestNG.main(RemoteTestNG.java:177)
]]>
            </full-stacktrace>
          </exception> <!-- java.lang.NullPointerException -->
          <reporter-output>
          </reporter-output>
        </test-method> <!-- beforeMethodSetup -->
        <test-method status="SKIP" signature="invalidUserLoginTest(java.util.Hashtable)[pri:2, instance:com.amazonAutomationFramework.TestPackage.amazonLoginInvalidUser@568ff82]" name="invalidUserLoginTest" duration-ms="14" started-at="2020-02-28T16:20:18Z" data-provider="data" finished-at="2020-02-28T16:20:18Z">
          <params>
            <param index="0">
              <value>
                <![CDATA[{UID=anilyadav106@gmail.com, PWD=invalidpassword, Runmode=Y}]]>
              </value>
            </param>
          </params>
          <reporter-output>
          </reporter-output>
        </test-method> <!-- invalidUserLoginTest -->
        <test-method status="SKIP" signature="afterMethodTearDown()[pri:0, instance:com.amazonAutomationFramework.TestPackage.amazonLoginInvalidUser@568ff82]" name="afterMethodTearDown" is-config="true" duration-ms="0" started-at="2020-02-28T16:20:18Z" finished-at="2020-02-28T16:20:18Z">
          <reporter-output>
          </reporter-output>
        </test-method> <!-- afterMethodTearDown -->
      </class> <!-- com.amazonAutomationFramework.TestPackage.amazonLoginInvalidUser -->
    </test> <!-- loginTestInnalidUser -->
    <test name="couponsCategoryTest" duration-ms="8" started-at="2020-02-28T10:50:18Z" finished-at="2020-02-28T10:50:18Z">
      <class name="com.amazonAutomationFramework.TestPackage.couponsCategory">
        <test-method status="FAIL" signature="testSetup()[pri:0, instance:com.amazonAutomationFramework.TestPackage.couponsCategory@757acd7b]" name="testSetup" is-config="true" duration-ms="0" started-at="2020-02-28T16:20:18Z" finished-at="2020-02-28T16:20:18Z">
          <exception class="java.lang.NullPointerException">
            <full-stacktrace>
              <![CDATA[java.lang.NullPointerException
	at com.amazonAutomationFramework.basePack.testbase.launchbrowser(testbase.java:67)
	at com.amazonAutomationFramework.TestPackage.couponsCategory.testSetup(couponsCategory.java:30)
	at sun.reflect.NativeMethodAccessorImpl.invoke0(Native Method)
	at sun.reflect.NativeMethodAccessorImpl.invoke(NativeMethodAccessorImpl.java:62)
	at sun.reflect.DelegatingMethodAccessorImpl.invoke(DelegatingMethodAccessorImpl.java:43)
	at java.lang.reflect.Method.invoke(Method.java:498)
	at org.testng.internal.MethodInvocationHelper.invokeMethod(MethodInvocationHelper.java:86)
	at org.testng.internal.Invoker.invokeConfigurationMethod(Invoker.java:514)
	at org.testng.internal.Invoker.invokeConfigurations(Invoker.java:215)
	at org.testng.internal.Invoker.invokeConfigurations(Invoker.java:142)
	at org.testng.TestRunner.beforeRun(TestRunner.java:656)
	at org.testng.TestRunner.run(TestRunner.java:624)
	at org.testng.SuiteRunner.runTest(SuiteRunner.java:366)
	at org.testng.SuiteRunner.runSequentially(SuiteRunner.java:361)
	at org.testng.SuiteRunner.privateRun(SuiteRunner.java:319)
	at org.testng.SuiteRunner.run(SuiteRunner.java:268)
	at org.testng.SuiteRunnerWorker.runSuite(SuiteRunnerWorker.java:52)
	at org.testng.SuiteRunnerWorker.run(SuiteRunnerWorker.java:86)
	at org.testng.TestNG.runSuitesSequentially(TestNG.java:1244)
	at org.testng.TestNG.runSuitesLocally(TestNG.java:1169)
	at org.testng.TestNG.run(TestNG.java:1064)
	at org.testng.remote.RemoteTestNG.run(RemoteTestNG.java:113)
	at org.testng.remote.RemoteTestNG.initAndRun(RemoteTestNG.java:206)
	at org.testng.remote.RemoteTestNG.main(RemoteTestNG.java:177)
]]>
            </full-stacktrace>
          </exception> <!-- java.lang.NullPointerException -->
          <reporter-output>
          </reporter-output>
        </test-method> <!-- testSetup -->
        <test-method status="SKIP" signature="couponCategoryTest(java.util.Hashtable)[pri:0, instance:com.amazonAutomationFramework.TestPackage.couponsCategory@757acd7b]" name="couponCategoryTest" duration-ms="1" started-at="2020-02-28T16:20:18Z" data-provider="data" finished-at="2020-02-28T16:20:18Z">
          <params>
            <param index="0">
              <value>
                <![CDATA[{categoryText=Watches, Runmode=Y}]]>
              </value>
            </param>
          </params>
          <reporter-output>
          </reporter-output>
        </test-method> <!-- couponCategoryTest -->
        <test-method status="SKIP" signature="afterMethodTearDown()[pri:0, instance:com.amazonAutomationFramework.TestPackage.couponsCategory@757acd7b]" name="afterMethodTearDown" is-config="true" duration-ms="0" started-at="2020-02-28T16:20:18Z" finished-at="2020-02-28T16:20:18Z">
          <reporter-output>
          </reporter-output>
        </test-method> <!-- afterMethodTearDown -->
      </class> <!-- com.amazonAutomationFramework.TestPackage.couponsCategory -->
    </test> <!-- couponsCategoryTest -->
    <test name="CouponsSortTest" duration-ms="6" started-at="2020-02-28T10:50:18Z" finished-at="2020-02-28T10:50:18Z">
      <class name="com.amazonAutomationFramework.TestPackage.couponSort">
        <test-method status="FAIL" signature="testSetup()[pri:0, instance:com.amazonAutomationFramework.TestPackage.couponSort@71c3b41]" name="testSetup" is-config="true" duration-ms="0" started-at="2020-02-28T16:20:18Z" finished-at="2020-02-28T16:20:18Z">
          <exception class="java.lang.NullPointerException">
            <full-stacktrace>
              <![CDATA[java.lang.NullPointerException
	at com.amazonAutomationFramework.basePack.testbase.launchbrowser(testbase.java:67)
	at com.amazonAutomationFramework.TestPackage.couponSort.testSetup(couponSort.java:29)
	at sun.reflect.NativeMethodAccessorImpl.invoke0(Native Method)
	at sun.reflect.NativeMethodAccessorImpl.invoke(NativeMethodAccessorImpl.java:62)
	at sun.reflect.DelegatingMethodAccessorImpl.invoke(DelegatingMethodAccessorImpl.java:43)
	at java.lang.reflect.Method.invoke(Method.java:498)
	at org.testng.internal.MethodInvocationHelper.invokeMethod(MethodInvocationHelper.java:86)
	at org.testng.internal.Invoker.invokeConfigurationMethod(Invoker.java:514)
	at org.testng.internal.Invoker.invokeConfigurations(Invoker.java:215)
	at org.testng.internal.Invoker.invokeConfigurations(Invoker.java:142)
	at org.testng.TestRunner.beforeRun(TestRunner.java:656)
	at org.testng.TestRunner.run(TestRunner.java:624)
	at org.testng.SuiteRunner.runTest(SuiteRunner.java:366)
	at org.testng.SuiteRunner.runSequentially(SuiteRunner.java:361)
	at org.testng.SuiteRunner.privateRun(SuiteRunner.java:319)
	at org.testng.SuiteRunner.run(SuiteRunner.java:268)
	at org.testng.SuiteRunnerWorker.runSuite(SuiteRunnerWorker.java:52)
	at org.testng.SuiteRunnerWorker.run(SuiteRunnerWorker.java:86)
	at org.testng.TestNG.runSuitesSequentially(TestNG.java:1244)
	at org.testng.TestNG.runSuitesLocally(TestNG.java:1169)
	at org.testng.TestNG.run(TestNG.java:1064)
	at org.testng.remote.RemoteTestNG.run(RemoteTestNG.java:113)
	at org.testng.remote.RemoteTestNG.initAndRun(RemoteTestNG.java:206)
	at org.testng.remote.RemoteTestNG.main(RemoteTestNG.java:177)
]]>
            </full-stacktrace>
          </exception> <!-- java.lang.NullPointerException -->
          <reporter-output>
          </reporter-output>
        </test-method> <!-- testSetup -->
        <test-method status="SKIP" signature="couponSortTest(java.util.Hashtable)[pri:0, instance:com.amazonAutomationFramework.TestPackage.couponSort@71c3b41]" name="couponSortTest" duration-ms="1" started-at="2020-02-28T16:20:18Z" data-provider="data" finished-at="2020-02-28T16:20:18Z">
          <params>
            <param index="0">
              <value>
                <![CDATA[{sortText=Oldest, Runmode=Y}]]>
              </value>
            </param>
          </params>
          <reporter-output>
          </reporter-output>
        </test-method> <!-- couponSortTest -->
        <test-method status="SKIP" signature="afterMethodTearDown()[pri:0, instance:com.amazonAutomationFramework.TestPackage.couponSort@71c3b41]" name="afterMethodTearDown" is-config="true" duration-ms="0" started-at="2020-02-28T16:20:18Z" finished-at="2020-02-28T16:20:18Z">
          <reporter-output>
          </reporter-output>
        </test-method> <!-- afterMethodTearDown -->
      </class> <!-- com.amazonAutomationFramework.TestPackage.couponSort -->
    </test> <!-- CouponsSortTest -->
    <test name="SearchByCategoryTest" duration-ms="10" started-at="2020-02-28T10:50:18Z" finished-at="2020-02-28T10:50:18Z">
      <class name="com.amazonAutomationFramework.TestPackage.searchByCategory">
        <test-method status="FAIL" signature="testSetup()[pri:0, instance:com.amazonAutomationFramework.TestPackage.searchByCategory@87a85e1]" name="testSetup" is-config="true" duration-ms="0" started-at="2020-02-28T16:20:18Z" finished-at="2020-02-28T16:20:18Z">
          <exception class="java.lang.NullPointerException">
            <full-stacktrace>
              <![CDATA[java.lang.NullPointerException
	at com.amazonAutomationFramework.basePack.testbase.launchbrowser(testbase.java:67)
	at com.amazonAutomationFramework.TestPackage.searchByCategory.testSetup(searchByCategory.java:29)
	at sun.reflect.NativeMethodAccessorImpl.invoke0(Native Method)
	at sun.reflect.NativeMethodAccessorImpl.invoke(NativeMethodAccessorImpl.java:62)
	at sun.reflect.DelegatingMethodAccessorImpl.invoke(DelegatingMethodAccessorImpl.java:43)
	at java.lang.reflect.Method.invoke(Method.java:498)
	at org.testng.internal.MethodInvocationHelper.invokeMethod(MethodInvocationHelper.java:86)
	at org.testng.internal.Invoker.invokeConfigurationMethod(Invoker.java:514)
	at org.testng.internal.Invoker.invokeConfigurations(Invoker.java:215)
	at org.testng.internal.Invoker.invokeConfigurations(Invoker.java:142)
	at org.testng.TestRunner.beforeRun(TestRunner.java:656)
	at org.testng.TestRunner.run(TestRunner.java:624)
	at org.testng.SuiteRunner.runTest(SuiteRunner.java:366)
	at org.testng.SuiteRunner.runSequentially(SuiteRunner.java:361)
	at org.testng.SuiteRunner.privateRun(SuiteRunner.java:319)
	at org.testng.SuiteRunner.run(SuiteRunner.java:268)
	at org.testng.SuiteRunnerWorker.runSuite(SuiteRunnerWorker.java:52)
	at org.testng.SuiteRunnerWorker.run(SuiteRunnerWorker.java:86)
	at org.testng.TestNG.runSuitesSequentially(TestNG.java:1244)
	at org.testng.TestNG.runSuitesLocally(TestNG.java:1169)
	at org.testng.TestNG.run(TestNG.java:1064)
	at org.testng.remote.RemoteTestNG.run(RemoteTestNG.java:113)
	at org.testng.remote.RemoteTestNG.initAndRun(RemoteTestNG.java:206)
	at org.testng.remote.RemoteTestNG.main(RemoteTestNG.java:177)
]]>
            </full-stacktrace>
          </exception> <!-- java.lang.NullPointerException -->
          <reporter-output>
          </reporter-output>
        </test-method> <!-- testSetup -->
        <test-method status="SKIP" signature="categorySelectTest(java.util.Hashtable)[pri:0, instance:com.amazonAutomationFramework.TestPackage.searchByCategory@87a85e1]" name="categorySelectTest" duration-ms="2" started-at="2020-02-28T16:20:18Z" data-provider="data" finished-at="2020-02-28T16:20:18Z">
          <params>
            <param index="0">
              <value>
                <![CDATA[{Runmode=Y, categoryName=Watches}]]>
              </value>
            </param>
          </params>
          <reporter-output>
          </reporter-output>
        </test-method> <!-- categorySelectTest -->
        <test-method status="SKIP" signature="afterMethodTearDown()[pri:0, instance:com.amazonAutomationFramework.TestPackage.searchByCategory@87a85e1]" name="afterMethodTearDown" is-config="true" duration-ms="0" started-at="2020-02-28T16:20:18Z" finished-at="2020-02-28T16:20:18Z">
          <reporter-output>
          </reporter-output>
        </test-method> <!-- afterMethodTearDown -->
      </class> <!-- com.amazonAutomationFramework.TestPackage.searchByCategory -->
    </test> <!-- SearchByCategoryTest -->
    <test name="addToCartTest" duration-ms="18" started-at="2020-02-28T10:50:18Z" finished-at="2020-02-28T10:50:18Z">
      <class name="com.amazonAutomationFramework.TestPackage.addProductToCart">
        <test-method status="FAIL" signature="testSetup()[pri:0, instance:com.amazonAutomationFramework.TestPackage.addProductToCart@41c2284a]" name="testSetup" is-config="true" duration-ms="0" started-at="2020-02-28T16:20:18Z" finished-at="2020-02-28T16:20:18Z">
          <exception class="java.lang.NullPointerException">
            <full-stacktrace>
              <![CDATA[java.lang.NullPointerException
	at com.amazonAutomationFramework.basePack.testbase.launchbrowser(testbase.java:67)
	at com.amazonAutomationFramework.TestPackage.addProductToCart.testSetup(addProductToCart.java:29)
	at sun.reflect.NativeMethodAccessorImpl.invoke0(Native Method)
	at sun.reflect.NativeMethodAccessorImpl.invoke(NativeMethodAccessorImpl.java:62)
	at sun.reflect.DelegatingMethodAccessorImpl.invoke(DelegatingMethodAccessorImpl.java:43)
	at java.lang.reflect.Method.invoke(Method.java:498)
	at org.testng.internal.MethodInvocationHelper.invokeMethod(MethodInvocationHelper.java:86)
	at org.testng.internal.Invoker.invokeConfigurationMethod(Invoker.java:514)
	at org.testng.internal.Invoker.invokeConfigurations(Invoker.java:215)
	at org.testng.internal.Invoker.invokeMethod(Invoker.java:589)
	at org.testng.internal.Invoker.invokeTestMethod(Invoker.java:822)
	at org.testng.internal.Invoker.invokeTestMethods(Invoker.java:1130)
	at org.testng.internal.TestMethodWorker.invokeTestMethods(TestMethodWorker.java:129)
	at org.testng.internal.TestMethodWorker.run(TestMethodWorker.java:112)
	at org.testng.TestRunner.privateRun(TestRunner.java:782)
	at org.testng.TestRunner.run(TestRunner.java:632)
	at org.testng.SuiteRunner.runTest(SuiteRunner.java:366)
	at org.testng.SuiteRunner.runSequentially(SuiteRunner.java:361)
	at org.testng.SuiteRunner.privateRun(SuiteRunner.java:319)
	at org.testng.SuiteRunner.run(SuiteRunner.java:268)
	at org.testng.SuiteRunnerWorker.runSuite(SuiteRunnerWorker.java:52)
	at org.testng.SuiteRunnerWorker.run(SuiteRunnerWorker.java:86)
	at org.testng.TestNG.runSuitesSequentially(TestNG.java:1244)
	at org.testng.TestNG.runSuitesLocally(TestNG.java:1169)
	at org.testng.TestNG.run(TestNG.java:1064)
	at org.testng.remote.RemoteTestNG.run(RemoteTestNG.java:113)
	at org.testng.remote.RemoteTestNG.initAndRun(RemoteTestNG.java:206)
	at org.testng.remote.RemoteTestNG.main(RemoteTestNG.java:177)
]]>
            </full-stacktrace>
          </exception> <!-- java.lang.NullPointerException -->
          <reporter-output>
          </reporter-output>
        </test-method> <!-- testSetup -->
        <test-method status="SKIP" signature="productAddtoCartTest(java.util.Hashtable)[pri:0, instance:com.amazonAutomationFramework.TestPackage.addProductToCart@41c2284a]" name="productAddtoCartTest" duration-ms="1" started-at="2020-02-28T16:20:18Z" data-provider="data" finished-at="2020-02-28T16:20:18Z">
          <params>
            <param index="0">
              <value>
                <![CDATA[{Runmode=Y, productName=boAt BassHeads 100 in-Ear Headphones with Mic (Black)}]]>
              </value>
            </param>
          </params>
          <reporter-output>
          </reporter-output>
        </test-method> <!-- productAddtoCartTest -->
        <test-method status="SKIP" signature="afterMethodTearDown()[pri:0, instance:com.amazonAutomationFramework.TestPackage.addProductToCart@41c2284a]" name="afterMethodTearDown" is-config="true" duration-ms="0" started-at="2020-02-28T16:20:18Z" finished-at="2020-02-28T16:20:18Z">
          <reporter-output>
          </reporter-output>
        </test-method> <!-- afterMethodTearDown -->
        <test-method status="SKIP" signature="testSetup()[pri:0, instance:com.amazonAutomationFramework.TestPackage.addProductToCart@41c2284a]" name="testSetup" is-config="true" duration-ms="0" started-at="2020-02-28T16:20:18Z" finished-at="2020-02-28T16:20:18Z">
          <reporter-output>
          </reporter-output>
        </test-method> <!-- testSetup -->
        <test-method status="SKIP" signature="productAddtoCartTest(java.util.Hashtable)[pri:0, instance:com.amazonAutomationFramework.TestPackage.addProductToCart@41c2284a]" name="productAddtoCartTest" duration-ms="3" started-at="2020-02-28T16:20:18Z" data-provider="data" finished-at="2020-02-28T16:20:18Z">
          <params>
            <param index="0">
              <value>
                <![CDATA[{Runmode=Y, productName=boAt BassHeads 100 in-Ear Headphones with Mic (White)}]]>
              </value>
            </param>
          </params>
          <reporter-output>
          </reporter-output>
        </test-method> <!-- productAddtoCartTest -->
        <test-method status="SKIP" signature="afterMethodTearDown()[pri:0, instance:com.amazonAutomationFramework.TestPackage.addProductToCart@41c2284a]" name="afterMethodTearDown" is-config="true" duration-ms="0" started-at="2020-02-28T16:20:18Z" finished-at="2020-02-28T16:20:18Z">
          <reporter-output>
          </reporter-output>
        </test-method> <!-- afterMethodTearDown -->
      </class> <!-- com.amazonAutomationFramework.TestPackage.addProductToCart -->
    </test> <!-- addToCartTest -->
  </suite> <!-- AmazonAutomationSuite -->
</testng-results>
